<?xml version="1.0" encoding="utf-8"?>
<layout xmlns:app="http://schemas.android.com/apk/res-auto"
    xmlns:android="http://schemas.android.com/apk/res/android">

    <androidx.constraintlayout.widget.ConstraintLayout
        android:layout_width="match_parent"
        android:layout_height="match_parent">

        <com.app.mombaby.views.AppActionBar
            android:id="@+id/test_result_action_bar"
            android:layout_width="match_parent"
            android:layout_height="?attr/actionBarSize"
            app:layout_constraintEnd_toEndOf="parent"
            app:layout_constraintStart_toStartOf="parent"
            app:layout_constraintTop_toTopOf="parent" />

        <androidx.cardview.widget.CardView
            android:id="@+id/cardView3"
            android:layout_width="match_parent"
            android:layout_height="wrap_content"
            android:layout_margin="16dp"
            app:cardCornerRadius="12dp"
            app:cardElevation="0dp"
            app:layout_constraintEnd_toEndOf="parent"
            app:layout_constraintStart_toStartOf="parent"
            app:layout_constraintTop_toBottomOf="@+id/test_result_action_bar">

            <LinearLayout
                android:layout_width="match_parent"
                android:layout_height="wrap_content"
                android:background="#FFE8E4"
                android:orientation="vertical">

                <TextView
                    android:id="@+id/test_result_title"
                    android:layout_width="match_parent"
                    android:layout_height="wrap_content"
                    android:fontFamily="@font/iran_sans"
                    android:gravity="center"
                    android:paddingTop="12dp"
                    android:textColor="@color/black"
                    android:textSize="20sp" />

                <View
                    android:layout_width="80dp"
                    android:layout_height="2dp"
                    android:layout_gravity="center"
                    android:layout_marginTop="4dp"
                    android:background="#ff000000" />

                <ScrollView
                    android:layout_width="match_parent"
                    android:layout_height="wrap_content">


                    <TextView
                        android:id="@+id/test_result_text"
                        android:layout_width="match_parent"
                        android:layout_height="wrap_content"
                        android:layout_marginTop="12dp"
                        android:layout_marginBottom="16dp"
                        android:fontFamily="@font/iran_sans_black"
                        android:gravity="center"
                        android:textAlignment="center"
                        android:paddingTop="12dp"
                        android:textColor="@color/appDarkPurple"
                        android:textSize="20sp" />
                </ScrollView>

            </LinearLayout>
        </androidx.cardview.widget.CardView>

        <TextView
            android:id="@+id/test_result_test_again"
            android:layout_width="0dp"
            android:layout_height="wrap_content"
            android:fontFamily="@font/iran_sans_bold"
            android:gravity="center"
            android:paddingTop="12dp"
            android:text="تست مجدد"
            android:layout_marginTop="24dp"
            android:textColor="@color/pink600"
            android:textSize="18sp"
            app:layout_constraintEnd_toEndOf="parent"
            app:layout_constraintHorizontal_bias="0.0"
            app:layout_constraintStart_toStartOf="parent"
            app:layout_constraintTop_toBottomOf="@+id/cardView3" />


    </androidx.constraintlayout.widget.ConstraintLayout>
</layout>
